{
  "stats": {
    "suites": 1,
    "tests": 1,
    "passes": 0,
    "pending": 0,
    "failures": 1,
    "start": "2022-08-09T10:25:51.583Z",
    "end": "2022-08-09T10:25:56.514Z",
    "duration": 4931,
    "testsRegistered": 1,
    "passPercent": 0,
    "pendingPercent": 0,
    "other": 0,
    "hasOther": false,
    "skipped": 0,
    "hasSkipped": false
  },
  "results": [
    {
      "uuid": "fcd88a83-910c-4c46-ab4f-c4fb17077b99",
      "title": "",
      "fullFile": "cypress\\e2e\\datadriven.js",
      "file": "cypress\\e2e\\datadriven.js",
      "beforeHooks": [],
      "afterHooks": [],
      "tests": [],
      "suites": [
        {
          "uuid": "231cf523-7ef0-4db3-8cde-e392dbc53a0b",
          "title": "vtiger",
          "fullFile": "",
          "file": "",
          "beforeHooks": [],
          "afterHooks": [],
          "tests": [
            {
              "title": "login to app",
              "fullTitle": "vtiger login to app",
              "timedOut": null,
              "duration": 4661,
              "state": "failed",
              "speed": null,
              "pass": false,
              "fail": true,
              "pending": false,
              "context": null,
              "code": "cy.readFile(Cypress.config(\"fileServerFolder\") + \"/cypress/fixtures/test data.xlsx\").then(async Text => {\n  const xlsx = await read(Text);\n  console.log(xlsx);\n});\nopen.url; // loginPage.usernameTextfield.type(data[0][\"username\"])\n// loginPage.passwordTextfield.type(data[0][\"password\"])\nloginPage.submitButton.click();",
              "err": {
                "message": "AssertionError: Timed out retrying after 4000ms: `cy.readFile(\"C:\\Users\\user\\Desktop\\cypress/cypress/fixtures/test data.xlsx\")` failed because the file does not exist at the following path:\n\n`C:\\Users\\user\\Desktop\\cypress\\cypress\\fixtures\\test data.xlsx`\n\nhttps://on.cypress.io/readfile",
                "estack": "AssertionError: Timed out retrying after 4000ms: `cy.readFile(\"C:\\Users\\user\\Desktop\\cypress/cypress/fixtures/test data.xlsx\")` failed because the file does not exist at the following path:\n\n`C:\\Users\\user\\Desktop\\cypress\\cypress\\fixtures\\test data.xlsx`\n\nhttps://on.cypress.io/readfile\n    at Context.eval (http://localhost:56456/__cypress/tests?p=cypress\\e2e\\datadriven.js:2410:8)",
                "diff": null
              },
              "uuid": "7d34bc0e-f58a-4dfa-9e25-96590cc18885",
              "parentUUID": "231cf523-7ef0-4db3-8cde-e392dbc53a0b",
              "isHook": false,
              "skipped": false
            }
          ],
          "suites": [],
          "passes": [],
          "failures": [
            "7d34bc0e-f58a-4dfa-9e25-96590cc18885"
          ],
          "pending": [],
          "skipped": [],
          "duration": 4661,
          "root": false,
          "rootEmpty": false,
          "_timeout": 2000
        }
      ],
      "passes": [],
      "failures": [],
      "pending": [],
      "skipped": [],
      "duration": 0,
      "root": true,
      "rootEmpty": true,
      "_timeout": 2000
    }
  ],
  "meta": {
    "mocha": {
      "version": "7.0.1"
    },
    "mochawesome": {
      "options": {
        "quiet": false,
        "reportFilename": "mochawesome",
        "saveHtml": true,
        "saveJson": true,
        "consoleReporter": "spec",
        "useInlineDiffs": false,
        "code": true
      },
      "version": "7.1.3"
    },
    "marge": {
      "options": {
        "reportDir": "cypress/mochawesome.js",
        "overwrite": false,
        "html": true,
        "json": true
      },
      "version": "6.2.0"
    }
  }
}