{
  "stats": {
    "suites": 1,
    "tests": 1,
    "passes": 1,
    "pending": 0,
    "failures": 0,
    "start": "2022-08-09T10:24:15.961Z",
    "end": "2022-08-09T10:24:55.084Z",
    "duration": 39123,
    "testsRegistered": 1,
    "passPercent": 100,
    "pendingPercent": 0,
    "other": 0,
    "hasOther": false,
    "skipped": 0,
    "hasSkipped": false
  },
  "results": [
    {
      "uuid": "f74c8a1e-1a8d-4cdf-91d7-9ced6f998ade",
      "title": "",
      "fullFile": "cypress\\e2e\\createDocument.js",
      "file": "cypress\\e2e\\createDocument.js",
      "beforeHooks": [],
      "afterHooks": [],
      "tests": [],
      "suites": [
        {
          "uuid": "c8c29bc0-c5a7-47f6-9788-1471144f61c9",
          "title": "contact",
          "fullFile": "",
          "file": "",
          "beforeHooks": [],
          "afterHooks": [],
          "tests": [
            {
              "title": "createContact",
              "fullTitle": "contact createContact",
              "timedOut": null,
              "duration": 34454,
              "state": "passed",
              "speed": "slow",
              "pass": true,
              "fail": false,
              "pending": false,
              "context": null,
              "code": "open.url;\nloginPage.usernameTextfield.should('be.visible').should('be.enabled').type(data.username);\nloginPage.passwordTextfield.should('be.visible').should('be.enabled').type(data.password);\nloginPage.submitButton.should('be.visible').click();\nhomepage.documentButton.should('be.visible').click();\ndocumentPage.createDocumentIcon.should('be.visible').click();\ndocumentDetailPage.titleTextfield.should('be.visible').should('be.enabled').type(\"resume\");\ndocumentDetailPage.sourceIcon.should('be.visible').click();\ndocumentDetailPage.textareafield.should('be.visible').should('be.enabled').type('manohara');\ndocumentDetailPage.sourceIcon.should('be.visible').click();\ndocumentDetailPage.filenameButton.should('be.visible').selectFile(\"C:/Users/user/Desktop/manohara resume.docx\");\ndocumentDetailPage.saveButton.eq(1).should('be.visible').click();\ndocumentInformationPage.titleTextfield.then(title => {\n  expect(title.text()).to.contains('resume');\n});\nhomepage.adminstratorButton.should('be.visible').trigger(\"mouseover\");\nhomepage.signoutButton.should('be.visible').click();",
              "err": {},
              "uuid": "b57afbcd-ee67-4eb9-a140-d57813ce6a26",
              "parentUUID": "c8c29bc0-c5a7-47f6-9788-1471144f61c9",
              "isHook": false,
              "skipped": false
            }
          ],
          "suites": [],
          "passes": [
            "b57afbcd-ee67-4eb9-a140-d57813ce6a26"
          ],
          "failures": [],
          "pending": [],
          "skipped": [],
          "duration": 34454,
          "root": false,
          "rootEmpty": false,
          "_timeout": 2000
        }
      ],
      "passes": [],
      "failures": [],
      "pending": [],
      "skipped": [],
      "duration": 0,
      "root": true,
      "rootEmpty": true,
      "_timeout": 2000
    }
  ],
  "meta": {
    "mocha": {
      "version": "7.0.1"
    },
    "mochawesome": {
      "options": {
        "quiet": false,
        "reportFilename": "mochawesome",
        "saveHtml": true,
        "saveJson": true,
        "consoleReporter": "spec",
        "useInlineDiffs": false,
        "code": true
      },
      "version": "7.1.3"
    },
    "marge": {
      "options": {
        "reportDir": "cypress/mochawesome.js",
        "overwrite": false,
        "html": true,
        "json": true
      },
      "version": "6.2.0"
    }
  }
}