{
  "stats": {
    "suites": 1,
    "tests": 1,
    "passes": 1,
    "pending": 0,
    "failures": 0,
    "start": "2022-08-09T10:22:44.577Z",
    "end": "2022-08-09T10:23:23.039Z",
    "duration": 38462,
    "testsRegistered": 1,
    "passPercent": 100,
    "pendingPercent": 0,
    "other": 0,
    "hasOther": false,
    "skipped": 0,
    "hasSkipped": false
  },
  "results": [
    {
      "uuid": "e07136e3-dcf3-420f-9e99-ed9b9874e917",
      "title": "",
      "fullFile": "cypress\\e2e\\createCampaign.js",
      "file": "cypress\\e2e\\createCampaign.js",
      "beforeHooks": [],
      "afterHooks": [],
      "tests": [],
      "suites": [
        {
          "uuid": "fe11c8f7-c10d-4f21-9e70-96185b4f80cd",
          "title": "contact",
          "fullFile": "",
          "file": "",
          "beforeHooks": [],
          "afterHooks": [],
          "tests": [
            {
              "title": "createContact",
              "fullTitle": "contact createContact",
              "timedOut": null,
              "duration": 33414,
              "state": "passed",
              "speed": "slow",
              "pass": true,
              "fail": false,
              "pending": false,
              "context": null,
              "code": "open.url;\nloginPage.usernameTextfield.should('be.visible').should('be.enabled').type(data.username);\nloginPage.passwordTextfield.should('be.visible').should('be.enabled').type(data.password);\nloginPage.submitButton.should('be.visible').should('be.enabled').click();\nhomepage.moreButton.should('be.visible').trigger(\"mouseover\");\nhomepage.campaignButton.should('be.visible').click();\ncampaignPage.createCampaignIcon.should('be.visible').click();\ncampaignDetailPage.campaignnameTextfield.should('be.visible').should('be.enabled').type(\"TYC\");\ncampaignDetailPage.groupRedioButton.should('be.visible').check();\ncampaignDetailPage.assignedToGroupIdDropDown.should('be.visible').select(\"Support Group\");\ncampaignDetailPage.saveButton.should('be.visible').click();\ncampagainInformationPage.campaignTextfield.then(function (name) {\n  expect(name.text()).to.contains(\"TYC\");\n});\nhomepage.adminstratorButton.should('be.visible').trigger(\"mouseover\");\nhomepage.signoutButton.should('be.visible').click();",
              "err": {},
              "uuid": "c74d6ec2-2aaa-4dd2-ab45-d4f582de5a32",
              "parentUUID": "fe11c8f7-c10d-4f21-9e70-96185b4f80cd",
              "isHook": false,
              "skipped": false
            }
          ],
          "suites": [],
          "passes": [
            "c74d6ec2-2aaa-4dd2-ab45-d4f582de5a32"
          ],
          "failures": [],
          "pending": [],
          "skipped": [],
          "duration": 33414,
          "root": false,
          "rootEmpty": false,
          "_timeout": 2000
        }
      ],
      "passes": [],
      "failures": [],
      "pending": [],
      "skipped": [],
      "duration": 0,
      "root": true,
      "rootEmpty": true,
      "_timeout": 2000
    }
  ],
  "meta": {
    "mocha": {
      "version": "7.0.1"
    },
    "mochawesome": {
      "options": {
        "quiet": false,
        "reportFilename": "mochawesome",
        "saveHtml": true,
        "saveJson": true,
        "consoleReporter": "spec",
        "useInlineDiffs": false,
        "code": true
      },
      "version": "7.1.3"
    },
    "marge": {
      "options": {
        "reportDir": "cypress/mochawesome.js",
        "overwrite": false,
        "html": true,
        "json": true
      },
      "version": "6.2.0"
    }
  }
}