{
  "stats": {
    "suites": 0,
    "tests": 1,
    "passes": 0,
    "pending": 0,
    "failures": 1,
    "start": "2022-08-09T10:26:05.208Z",
    "end": "2022-08-09T10:26:05.906Z",
    "duration": 698,
    "testsRegistered": 1,
    "passPercent": 0,
    "pendingPercent": 0,
    "other": 0,
    "hasOther": false,
    "skipped": 0,
    "hasSkipped": false
  },
  "results": [
    {
      "uuid": "cac07710-4c0b-427d-9432-2fd2af92a72f",
      "title": "",
      "fullFile": "cypress\\e2e\\getDataFromExcel.js",
      "file": "cypress\\e2e\\getDataFromExcel.js",
      "beforeHooks": [],
      "afterHooks": [],
      "tests": [
        {
          "title": "An uncaught error was detected outside of a test",
          "fullTitle": "An uncaught error was detected outside of a test",
          "timedOut": null,
          "duration": 488,
          "state": "failed",
          "speed": null,
          "pass": false,
          "fail": true,
          "pending": false,
          "context": null,
          "code": "throw err;",
          "err": {
            "message": "Error: The following error originated from your test code, not from Cypress.\n\n  > Cannot access file ./cypress/fixtures/testdata/test data.xlsx\n\nWhen Cypress detects uncaught errors originating from your test code it will automatically fail the current test.\n\nCypress could not associate this error to any specific test.\n\nWe dynamically generated a new test to display this failure.",
            "estack": "Error: The following error originated from your test code, not from Cypress.\n\n  > Cannot access file ./cypress/fixtures/testdata/test data.xlsx\n\nWhen Cypress detects uncaught errors originating from your test code it will automatically fail the current test.\n\nCypress could not associate this error to any specific test.\n\nWe dynamically generated a new test to display this failure.\n    at read_binary (http://localhost:56456/__cypress/tests?p=cypress\\e2e\\getDataFromExcel.js:5684:8)\n    at readSync (http://localhost:56456/__cypress/tests?p=cypress\\e2e\\getDataFromExcel.js:26261:69)\n    at Module.readFileSync (http://localhost:56456/__cypress/tests?p=cypress\\e2e\\getDataFromExcel.js:26301:9)\n    at ./cypress/e2e/getDataFromExcel.js (http://localhost:56456/__cypress/tests?p=cypress\\e2e\\getDataFromExcel.js:2406:21)\n    at __webpack_require__ (http://localhost:56456/__cypress/tests?p=cypress\\e2e\\getDataFromExcel.js:20:30)\n    at 0 (http://localhost:56456/__cypress/tests?p=cypress\\e2e\\getDataFromExcel.js:27044:18)\n    at __webpack_require__ (http://localhost:56456/__cypress/tests?p=cypress\\e2e\\getDataFromExcel.js:20:30)\n    at eval (http://localhost:56456/__cypress/tests?p=cypress\\e2e\\getDataFromExcel.js:84:18)\n    at eval (http://localhost:56456/__cypress/tests?p=cypress\\e2e\\getDataFromExcel.js:87:10)\n    at eval (<anonymous>)",
            "diff": null
          },
          "uuid": "b8e63078-612f-4d14-b82a-21db0fe83956",
          "parentUUID": "cac07710-4c0b-427d-9432-2fd2af92a72f",
          "isHook": false,
          "skipped": false
        }
      ],
      "suites": [],
      "passes": [],
      "failures": [
        "b8e63078-612f-4d14-b82a-21db0fe83956"
      ],
      "pending": [],
      "skipped": [],
      "duration": 488,
      "root": true,
      "rootEmpty": false,
      "_timeout": 2000
    }
  ],
  "meta": {
    "mocha": {
      "version": "7.0.1"
    },
    "mochawesome": {
      "options": {
        "quiet": false,
        "reportFilename": "mochawesome",
        "saveHtml": true,
        "saveJson": true,
        "consoleReporter": "spec",
        "useInlineDiffs": false,
        "code": true
      },
      "version": "7.1.3"
    },
    "marge": {
      "options": {
        "reportDir": "cypress/mochawesome.js",
        "overwrite": false,
        "html": true,
        "json": true
      },
      "version": "6.2.0"
    }
  }
}