{
  "stats": {
    "suites": 1,
    "tests": 1,
    "passes": 1,
    "pending": 0,
    "failures": 0,
    "start": "2022-08-09T10:23:29.206Z",
    "end": "2022-08-09T10:24:10.460Z",
    "duration": 41254,
    "testsRegistered": 1,
    "passPercent": 100,
    "pendingPercent": 0,
    "other": 0,
    "hasOther": false,
    "skipped": 0,
    "hasSkipped": false
  },
  "results": [
    {
      "uuid": "238fe805-6b46-4c2b-ac17-30d412d59129",
      "title": "",
      "fullFile": "cypress\\e2e\\createContact.js",
      "file": "cypress\\e2e\\createContact.js",
      "beforeHooks": [],
      "afterHooks": [],
      "tests": [],
      "suites": [
        {
          "uuid": "4637d84d-54b4-4ee1-92b2-ea4d0ea7fea4",
          "title": "contact",
          "fullFile": "",
          "file": "",
          "beforeHooks": [],
          "afterHooks": [],
          "tests": [
            {
              "title": "createContact",
              "fullTitle": "contact createContact",
              "timedOut": null,
              "duration": 35977,
              "state": "passed",
              "speed": "slow",
              "pass": true,
              "fail": false,
              "pending": false,
              "context": null,
              "code": "open.url;\nloginPage.usernameTextfield.should('be.visible').should('be.enabled').type(data.username);\nloginPage.passwordTextfield.should('be.visible').should('be.enabled').type(data.password);\nloginPage.submitButton.should('be.visible').click();\nhomepage.contactButton.should('be.visible').click();\ncontactPage.createContactIcon.should('be.visible').click();\ncontactDetailPage.fristNameDropDown.should('be.visible').select(\"Mr.\");\ncontactDetailPage.fristNameTextfield.should('be.visible').should('be.enabled').type(\"manohara\");\ncontactDetailPage.lastNameTextfield.should('be.visible').should('be.enabled').type(\"reddy\");\ncontactDetailPage.saveButton.should('be.visible').click();\ncontactInformationPage.lastnameTextfield.then(function (lastname) {\n  expect(lastname.text()).to.contains('reddy');\n});\nhomepage.adminstratorButton.should('be.visible').trigger(\"mouseover\");\nhomepage.signoutButton.should('be.visible').click();",
              "err": {},
              "uuid": "d8dde09a-0194-4924-8b99-c47df567e084",
              "parentUUID": "4637d84d-54b4-4ee1-92b2-ea4d0ea7fea4",
              "isHook": false,
              "skipped": false
            }
          ],
          "suites": [],
          "passes": [
            "d8dde09a-0194-4924-8b99-c47df567e084"
          ],
          "failures": [],
          "pending": [],
          "skipped": [],
          "duration": 35977,
          "root": false,
          "rootEmpty": false,
          "_timeout": 2000
        }
      ],
      "passes": [],
      "failures": [],
      "pending": [],
      "skipped": [],
      "duration": 0,
      "root": true,
      "rootEmpty": true,
      "_timeout": 2000
    }
  ],
  "meta": {
    "mocha": {
      "version": "7.0.1"
    },
    "mochawesome": {
      "options": {
        "quiet": false,
        "reportFilename": "mochawesome",
        "saveHtml": true,
        "saveJson": true,
        "consoleReporter": "spec",
        "useInlineDiffs": false,
        "code": true
      },
      "version": "7.1.3"
    },
    "marge": {
      "options": {
        "reportDir": "cypress/mochawesome.js",
        "overwrite": false,
        "html": true,
        "json": true
      },
      "version": "6.2.0"
    }
  }
}