{
  "stats": {
    "suites": 1,
    "tests": 1,
    "passes": 1,
    "pending": 0,
    "failures": 0,
    "start": "2022-08-09T10:25:00.483Z",
    "end": "2022-08-09T10:25:41.638Z",
    "duration": 41155,
    "testsRegistered": 1,
    "passPercent": 100,
    "pendingPercent": 0,
    "other": 0,
    "hasOther": false,
    "skipped": 0,
    "hasSkipped": false
  },
  "results": [
    {
      "uuid": "c0cf42ff-e9c8-49a2-a27e-a3073935b918",
      "title": "",
      "fullFile": "cypress\\e2e\\createLead.js",
      "file": "cypress\\e2e\\createLead.js",
      "beforeHooks": [],
      "afterHooks": [],
      "tests": [],
      "suites": [
        {
          "uuid": "6e870943-5c6b-45c4-9b5f-001c411b009d",
          "title": "lead",
          "fullFile": "",
          "file": "",
          "beforeHooks": [],
          "afterHooks": [],
          "tests": [
            {
              "title": "crateLead",
              "fullTitle": "lead crateLead",
              "timedOut": null,
              "duration": 36535,
              "state": "passed",
              "speed": "slow",
              "pass": true,
              "fail": false,
              "pending": false,
              "context": null,
              "code": "open.url;\nloginPage.usernameTextfield.should('be.visible').should('be.enabled').type(data.username);\nloginPage.passwordTextfield.should('be.visible').should('be.enabled').type(data.password);\nloginPage.submitButton.should('be.visible').click();\nhomepage.leadButton.should('be.visible').click();\nleadPage.createLeadIcon.should('be.visible').click();\nleadDetailPage.fristNameDropDown.should('be.visible').select(\"Mr.\");\nleadDetailPage.fristNameTextfield.should('be.visible').should('be.enabled').type(\"manohara\");\nleadDetailPage.lastNameTextfield.should('be.visible').should('be.enabled').type(\"reddy\");\nleadDetailPage.companyTextfield.should('be.visible').should('be.enabled').type(\"TYC\");\nleadDetailPage.leadsourceDropDown.should('be.visible').select(\"Employee\");\nleadDetailPage.industryDropDown.should('be.visible').select(\"Banking\");\nleadDetailPage.saveButton.should('be.visible').click();\nleadInformationPage.fristnameTextfield.should('be.visible').then(function (name) {\n  expect(name.text()).to.contains('manohara');\n});\nhomepage.adminstratorButton.should('be.visible').trigger(\"mouseover\");\nhomepage.signoutButton.should('be.visible').click();",
              "err": {},
              "uuid": "d38946d9-3fce-40ce-875d-056759f44b19",
              "parentUUID": "6e870943-5c6b-45c4-9b5f-001c411b009d",
              "isHook": false,
              "skipped": false
            }
          ],
          "suites": [],
          "passes": [
            "d38946d9-3fce-40ce-875d-056759f44b19"
          ],
          "failures": [],
          "pending": [],
          "skipped": [],
          "duration": 36535,
          "root": false,
          "rootEmpty": false,
          "_timeout": 2000
        }
      ],
      "passes": [],
      "failures": [],
      "pending": [],
      "skipped": [],
      "duration": 0,
      "root": true,
      "rootEmpty": true,
      "_timeout": 2000
    }
  ],
  "meta": {
    "mocha": {
      "version": "7.0.1"
    },
    "mochawesome": {
      "options": {
        "quiet": false,
        "reportFilename": "mochawesome",
        "saveHtml": true,
        "saveJson": true,
        "consoleReporter": "spec",
        "useInlineDiffs": false,
        "code": true
      },
      "version": "7.1.3"
    },
    "marge": {
      "options": {
        "reportDir": "cypress/mochawesome.js",
        "overwrite": false,
        "html": true,
        "json": true
      },
      "version": "6.2.0"
    }
  }
}