{
  "stats": {
    "suites": 1,
    "tests": 1,
    "passes": 1,
    "pending": 0,
    "failures": 0,
    "start": "2022-08-04T11:37:14.045Z",
    "end": "2022-08-04T11:37:58.641Z",
    "duration": 44596,
    "testsRegistered": 1,
    "passPercent": 100,
    "pendingPercent": 0,
    "other": 0,
    "hasOther": false,
    "skipped": 0,
    "hasSkipped": false
  },
  "results": [
    {
      "uuid": "fbee54c7-abf2-4076-9d82-215a29630e78",
      "title": "",
      "fullFile": "cypress\\e2e\\createLead.js",
      "file": "cypress\\e2e\\createLead.js",
      "beforeHooks": [],
      "afterHooks": [],
      "tests": [],
      "suites": [
        {
          "uuid": "8164614a-9bfd-49c2-aee9-5be0d589050f",
          "title": "lead",
          "fullFile": "",
          "file": "",
          "beforeHooks": [],
          "afterHooks": [],
          "tests": [
            {
              "title": "crateLead",
              "fullTitle": "lead crateLead",
              "timedOut": null,
              "duration": 39104,
              "state": "passed",
              "speed": "slow",
              "pass": true,
              "fail": false,
              "pending": false,
              "context": null,
              "code": "open.url;\nloginPage.usernameTextfield.type(data.username);\nloginPage.passwordTextfield.type(data.password);\nloginPage.submitButton.click();\nhomepage.leadButton.click();\nleadPage.createLeadIcon.click();\nleadDetailPage.fristNameDropDown.select(\"Mr.\");\nleadDetailPage.fristNameTextfield.type(\"manohara\");\nleadDetailPage.lastNameTextfield.type(\"reddy\");\nleadDetailPage.companyTextfield.type(\"TYC\");\nleadDetailPage.leadsourceDropDown.select(\"Employee\");\nleadDetailPage.industryDropDown.select(\"Banking\");\nleadDetailPage.saveButton.click();\nleadInformationPage.fristnameTextfield.then(function (name) {\n  expect(name.text()).to.contains('manohara');\n});\nhomepage.adminstratorButton.trigger(\"mouseover\");\nhomepage.signoutButton.click();",
              "err": {},
              "uuid": "a8215c1f-1354-46c9-bef6-9c8ef826a23b",
              "parentUUID": "8164614a-9bfd-49c2-aee9-5be0d589050f",
              "isHook": false,
              "skipped": false
            }
          ],
          "suites": [],
          "passes": [
            "a8215c1f-1354-46c9-bef6-9c8ef826a23b"
          ],
          "failures": [],
          "pending": [],
          "skipped": [],
          "duration": 39104,
          "root": false,
          "rootEmpty": false,
          "_timeout": 2000
        }
      ],
      "passes": [],
      "failures": [],
      "pending": [],
      "skipped": [],
      "duration": 0,
      "root": true,
      "rootEmpty": true,
      "_timeout": 2000
    }
  ],
  "meta": {
    "mocha": {
      "version": "7.0.1"
    },
    "mochawesome": {
      "options": {
        "quiet": false,
        "reportFilename": "mochawesome",
        "saveHtml": true,
        "saveJson": true,
        "consoleReporter": "spec",
        "useInlineDiffs": false,
        "code": true
      },
      "version": "7.1.3"
    },
    "marge": {
      "options": {
        "reportDir": "mochawesome-report",
        "overwrite": false,
        "html": true,
        "json": true
      },
      "version": "6.2.0"
    }
  }
}