{
  "stats": {
    "suites": 1,
    "tests": 1,
    "passes": 1,
    "pending": 0,
    "failures": 0,
    "start": "2022-08-04T11:35:33.126Z",
    "end": "2022-08-04T11:36:18.196Z",
    "duration": 45070,
    "testsRegistered": 1,
    "passPercent": 100,
    "pendingPercent": 0,
    "other": 0,
    "hasOther": false,
    "skipped": 0,
    "hasSkipped": false
  },
  "results": [
    {
      "uuid": "4d95997d-c4a6-4ab0-bdf9-5baf262b09e6",
      "title": "",
      "fullFile": "cypress\\e2e\\createContact.js",
      "file": "cypress\\e2e\\createContact.js",
      "beforeHooks": [],
      "afterHooks": [],
      "tests": [],
      "suites": [
        {
          "uuid": "42013dfe-a204-4438-b33a-79e458780782",
          "title": "contact",
          "fullFile": "",
          "file": "",
          "beforeHooks": [],
          "afterHooks": [],
          "tests": [
            {
              "title": "createContact",
              "fullTitle": "contact createContact",
              "timedOut": null,
              "duration": 39019,
              "state": "passed",
              "speed": "slow",
              "pass": true,
              "fail": false,
              "pending": false,
              "context": null,
              "code": "open.url;\nloginPage.usernameTextfield.type(data.username);\nloginPage.passwordTextfield.type(data.password);\nloginPage.submitButton.click();\nhomepage.contactButton.click();\ncontactPage.createContactIcon.click();\ncontactDetailPage.fristNameDropDown.select(\"Mr.\");\ncontactDetailPage.fristNameTextfield.type(\"manohara\");\ncontactDetailPage.lastNameTextfield.type(\"reddy\");\ncontactDetailPage.saveButton.click();\ncontactInformationPage.lastnameTextfield.then(function (lastname) {\n  expect(lastname.text()).to.contains('reddy');\n});\nhomepage.adminstratorButton.trigger(\"mouseover\");\nhomepage.signoutButton.click();",
              "err": {},
              "uuid": "18882b16-b9b3-43ec-bf2a-788fbf0d4fa1",
              "parentUUID": "42013dfe-a204-4438-b33a-79e458780782",
              "isHook": false,
              "skipped": false
            }
          ],
          "suites": [],
          "passes": [
            "18882b16-b9b3-43ec-bf2a-788fbf0d4fa1"
          ],
          "failures": [],
          "pending": [],
          "skipped": [],
          "duration": 39019,
          "root": false,
          "rootEmpty": false,
          "_timeout": 2000
        }
      ],
      "passes": [],
      "failures": [],
      "pending": [],
      "skipped": [],
      "duration": 0,
      "root": true,
      "rootEmpty": true,
      "_timeout": 2000
    }
  ],
  "meta": {
    "mocha": {
      "version": "7.0.1"
    },
    "mochawesome": {
      "options": {
        "quiet": false,
        "reportFilename": "mochawesome",
        "saveHtml": true,
        "saveJson": true,
        "consoleReporter": "spec",
        "useInlineDiffs": false,
        "code": true
      },
      "version": "7.1.3"
    },
    "marge": {
      "options": {
        "reportDir": "mochawesome-report",
        "overwrite": false,
        "html": true,
        "json": true
      },
      "version": "6.2.0"
    }
  }
}