{
  "stats": {
    "suites": 1,
    "tests": 1,
    "passes": 1,
    "pending": 0,
    "failures": 0,
    "start": "2022-08-04T11:34:44.839Z",
    "end": "2022-08-04T11:35:27.337Z",
    "duration": 42498,
    "testsRegistered": 1,
    "passPercent": 100,
    "pendingPercent": 0,
    "other": 0,
    "hasOther": false,
    "skipped": 0,
    "hasSkipped": false
  },
  "results": [
    {
      "uuid": "d2c97710-bb1e-4e4a-a6d9-5b01bb1ca4b2",
      "title": "",
      "fullFile": "cypress\\e2e\\createCampaign.js",
      "file": "cypress\\e2e\\createCampaign.js",
      "beforeHooks": [],
      "afterHooks": [],
      "tests": [],
      "suites": [
        {
          "uuid": "66a66f49-9852-40b0-8274-a6891c79169e",
          "title": "contact",
          "fullFile": "",
          "file": "",
          "beforeHooks": [],
          "afterHooks": [],
          "tests": [
            {
              "title": "createContact",
              "fullTitle": "contact createContact",
              "timedOut": null,
              "duration": 35930,
              "state": "passed",
              "speed": "slow",
              "pass": true,
              "fail": false,
              "pending": false,
              "context": null,
              "code": "open.url;\nloginPage.usernameTextfield.type(data.username);\nloginPage.passwordTextfield.type(data.password);\nloginPage.submitButton.click();\nhomepage.moreButton.trigger(\"mouseover\");\nhomepage.campaignButton.click();\ncampaignPage.createCampaignIcon.click();\ncampaignDetailPage.campaignnameTextfield.type(\"TYC\");\ncampaignDetailPage.groupRedioButton.check();\ncampaignDetailPage.assignedToGroupIdDropDown.select(\"Support Group\");\ncampaignDetailPage.saveButton.click();\ncampagainInformationPage.campaignTextfield.then(function (name) {\n  expect(name.text()).to.contains(\"TYC\");\n});\nhomepage.adminstratorButton.trigger(\"mouseover\");\nhomepage.signoutButton.click();",
              "err": {},
              "uuid": "d5886925-e6bb-4123-909e-e7aadcebcaae",
              "parentUUID": "66a66f49-9852-40b0-8274-a6891c79169e",
              "isHook": false,
              "skipped": false
            }
          ],
          "suites": [],
          "passes": [
            "d5886925-e6bb-4123-909e-e7aadcebcaae"
          ],
          "failures": [],
          "pending": [],
          "skipped": [],
          "duration": 35930,
          "root": false,
          "rootEmpty": false,
          "_timeout": 2000
        }
      ],
      "passes": [],
      "failures": [],
      "pending": [],
      "skipped": [],
      "duration": 0,
      "root": true,
      "rootEmpty": true,
      "_timeout": 2000
    }
  ],
  "meta": {
    "mocha": {
      "version": "7.0.1"
    },
    "mochawesome": {
      "options": {
        "quiet": false,
        "reportFilename": "mochawesome",
        "saveHtml": true,
        "saveJson": true,
        "consoleReporter": "spec",
        "useInlineDiffs": false,
        "code": true
      },
      "version": "7.1.3"
    },
    "marge": {
      "options": {
        "reportDir": "mochawesome-report",
        "overwrite": false,
        "html": true,
        "json": true
      },
      "version": "6.2.0"
    }
  }
}